# JRE version: OpenJDK Runtime Environment Temurin-21.0.10+7 (21.0.10+7) (build 21.0.10+7-LTS)
# Java VM: OpenJDK 64-Bit Server VM Temurin-21.0.10+7 (21.0.10+7-LTS, mixed mode, sharing, tiered, compressed oops, compressed class ptrs, parallel gc, windows-amd64)
GC Precious Log:
 CardTable entry size: 512
 CPUs: 12 total, 12 available
 Memory: 7821M
 Large Page Support: Disabled
 NUMA Support: Disabled
 Compressed Oops: Enabled (32-bit)
 Alignments: Space 512K, Generation 512K, Heap 2M
 Heap Min Capacity: 100M
 Heap Initial Capacity: 100M
 Heap Max Capacity: 2G
 Pre-touch: Disabled
 Parallel Workers: 10
Heap:
 PSYoungGen      total 12288K, used 8922K [0x00000000d5580000, 0x00000000d6700000, 0x0000000100000000)
  eden space 11776K, 73% used [0x00000000d5580000,0x00000000d5dfeb88,0x00000000d6100000)
  from space 512K, 43% used [0x00000000d6680000,0x00000000d66b8000,0x00000000d6700000)
  to   space 512K, 0% used [0x00000000d6600000,0x00000000d6600000,0x00000000d6680000)
 ParOldGen       total 823808K, used 358982K [0x0000000080000000, 0x00000000b2480000, 0x00000000d5580000)
  object space 823808K, 43% used [0x0000000080000000,0x0000000095e918c0,0x00000000b2480000)
 Metaspace       used 86846K, committed 88640K, reserved 1179648K
  class space    used 8813K, committed 9600K, reserved 1048576K
GC Heap History (20 events):
Event: 4604.614 GC heap before
{Heap before GC invocations=1292 (full 5):
 PSYoungGen      total 12288K, used 12250K [0x00000000d5580000, 0x00000000d6680000, 0x0000000100000000)
  eden space 11776K, 100% used [0x00000000d5580000,0x00000000d6100000,0x00000000d6100000)
  from space 512K, 92% used [0x00000000d6600000,0x00000000d6676868,0x00000000d6680000)
  to   space 1536K, 0% used [0x00000000d6380000,0x00000000d6380000,0x00000000d6500000)
 ParOldGen       total 823808K, used 351834K [0x0000000080000000, 0x00000000b2480000, 0x00000000d5580000)
  object space 823808K, 42% used [0x0000000080000000,0x0000000095796878,0x00000000b2480000)
 Metaspace       used 86774K, committed 88512K, reserved 1179648K
  class space    used 8811K, committed 9600K, reserved 1048576K
}
Event: 4604.618 GC heap after
{Heap after GC invocations=1292 (full 5):
 PSYoungGen      total 13312K, used 224K [0x00000000d5580000, 0x00000000d6680000, 0x0000000100000000)
  eden space 11776K, 0% used [0x00000000d5580000,0x00000000d5580000,0x00000000d6100000)
  from space 1536K, 14% used [0x00000000d6380000,0x00000000d63b8000,0x00000000d6500000)
  to   space 512K, 0% used [0x00000000d6600000,0x00000000d6600000,0x00000000d6680000)
 ParOldGen       total 823808K, used 352128K [0x0000000080000000, 0x00000000b2480000, 0x00000000d5580000)
  object space 823808K, 42% used [0x0000000080000000,0x00000000957e0070,0x00000000b2480000)
 Metaspace       used 86774K, committed 88512K, reserved 1179648K
  class space    used 8811K, committed 9600K, reserved 1048576K
}
Event: 4690.615 GC heap before
{Heap before GC invocations=1293 (full 5):
 PSYoungGen      total 13312K, used 12000K [0x00000000d5580000, 0x00000000d6680000, 0x0000000100000000)
  eden space 11776K, 100% used [0x00000000d5580000,0x00000000d6100000,0x00000000d6100000)
  from space 1536K, 14% used [0x00000000d6380000,0x00000000d63b8000,0x00000000d6500000)
  to   space 512K, 0% used [0x00000000d6600000,0x00000000d6600000,0x00000000d6680000)
 ParOldGen       total 823808K, used 352128K [0x0000000080000000, 0x00000000b2480000, 0x00000000d5580000)
  object space 823808K, 42% used [0x0000000080000000,0x00000000957e0070,0x00000000b2480000)
 Metaspace       used 86776K, committed 88576K, reserved 1179648K
  class space    used 8811K, committed 9600K, reserved 1048576K
}
Event: 4690.618 GC heap after
{Heap after GC invocations=1293 (full 5):
 PSYoungGen      total 12288K, used 506K [0x00000000d5580000, 0x00000000d6680000, 0x0000000100000000)
  eden space 11776K, 0% used [0x00000000d5580000,0x00000000d5580000,0x00000000d6100000)
  from space 512K, 98% used [0x00000000d6600000,0x00000000d667e920,0x00000000d6680000)
  to   space 1024K, 0% used [0x00000000d6480000,0x00000000d6480000,0x00000000d6580000)
 ParOldGen       total 823808K, used 352216K [0x0000000080000000, 0x00000000b2480000, 0x00000000d5580000)
  object space 823808K, 42% used [0x0000000080000000,0x00000000957f6070,0x00000000b2480000)
 Metaspace       used 86776K, committed 88576K, reserved 1179648K
  class space    used 8811K, committed 9600K, reserved 1048576K
}
Event: 4691.128 GC heap before
{Heap before GC invocations=1294 (full 5):
 PSYoungGen      total 12288K, used 12282K [0x00000000d5580000, 0x00000000d6680000, 0x0000000100000000)
  eden space 11776K, 100% used [0x00000000d5580000,0x00000000d6100000,0x00000000d6100000)
  from space 512K, 98% used [0x00000000d6600000,0x00000000d667e920,0x00000000d6680000)
  to   space 1024K, 0% used [0x00000000d6480000,0x00000000d6480000,0x00000000d6580000)
 ParOldGen       total 823808K, used 352216K [0x0000000080000000, 0x00000000b2480000, 0x00000000d5580000)
  object space 823808K, 42% used [0x0000000080000000,0x00000000957f6070,0x00000000b2480000)
 Metaspace       used 86777K, committed 88576K, reserved 1179648K
  class space    used 8811K, committed 9600K, reserved 1048576K
}
Event: 4691.130 GC heap after
{Heap after GC invocations=1294 (full 5):
 PSYoungGen      total 12800K, used 714K [0x00000000d5580000, 0x00000000d6680000, 0x0000000100000000)
  eden space 11776K, 0% used [0x00000000d5580000,0x00000000d5580000,0x00000000d6100000)
  from space 1024K, 69% used [0x00000000d6480000,0x00000000d6532910,0x00000000d6580000)
  to   space 1024K, 0% used [0x00000000d6580000,0x00000000d6580000,0x00000000d6680000)
 ParOldGen       total 823808K, used 352684K [0x0000000080000000, 0x00000000b2480000, 0x00000000d5580000)
  object space 823808K, 42% used [0x0000000080000000,0x000000009586b2a0,0x00000000b2480000)
 Metaspace       used 86777K, committed 88576K, reserved 1179648K
  class space    used 8811K, committed 9600K, reserved 1048576K
}
Event: 4692.091 GC heap before
{Heap before GC invocations=1295 (full 5):
 PSYoungGen      total 12800K, used 12436K [0x00000000d5580000, 0x00000000d6680000, 0x0000000100000000)
  eden space 11776K, 99% used [0x00000000d5580000,0x00000000d60f2a60,0x00000000d6100000)
  from space 1024K, 69% used [0x00000000d6480000,0x00000000d6532910,0x00000000d6580000)
  to   space 1024K, 0% used [0x00000000d6580000,0x00000000d6580000,0x00000000d6680000)
 ParOldGen       total 823808K, used 352684K [0x0000000080000000, 0x00000000b2480000, 0x00000000d5580000)
  object space 823808K, 42% used [0x0000000080000000,0x000000009586b2a0,0x00000000b2480000)
 Metaspace       used 86785K, committed 88576K, reserved 1179648K
  class space    used 8813K, committed 9600K, reserved 1048576K
}
Event: 4692.094 GC heap after
{Heap after GC invocations=1295 (full 5):
 PSYoungGen      total 12288K, used 352K [0x00000000d5580000, 0x00000000d6600000, 0x0000000100000000)
  eden space 11776K, 0% used [0x00000000d5580000,0x00000000d5580000,0x00000000d6100000)
  from space 512K, 68% used [0x00000000d6580000,0x00000000d65d8020,0x00000000d6600000)
  to   space 512K, 0% used [0x00000000d6500000,0x00000000d6500000,0x00000000d6580000)
 ParOldGen       total 823808K, used 352860K [0x0000000080000000, 0x00000000b2480000, 0x00000000d5580000)
  object space 823808K, 42% used [0x0000000080000000,0x00000000958972a0,0x00000000b2480000)
 Metaspace       used 86785K, committed 88576K, reserved 1179648K
  class space    used 8813K, committed 9600K, reserved 1048576K
}
Event: 4692.469 GC heap before
{Heap before GC invocations=1296 (full 5):
 PSYoungGen      total 12288K, used 12128K [0x00000000d5580000, 0x00000000d6600000, 0x0000000100000000)
  eden space 11776K, 100% used [0x00000000d5580000,0x00000000d6100000,0x00000000d6100000)
  from space 512K, 68% used [0x00000000d6580000,0x00000000d65d8020,0x00000000d6600000)
  to   space 512K, 0% used [0x00000000d6500000,0x00000000d6500000,0x00000000d6580000)
 ParOldGen       total 823808K, used 352860K [0x0000000080000000, 0x00000000b2480000, 0x00000000d5580000)
  object space 823808K, 42% used [0x0000000080000000,0x00000000958972a0,0x00000000b2480000)
 Metaspace       used 86785K, committed 88576K, reserved 1179648K
  class space    used 8813K, committed 9600K, reserved 1048576K
}
Event: 4692.472 GC heap after
{Heap after GC invocations=1296 (full 5):
 PSYoungGen      total 12288K, used 500K [0x00000000d5580000, 0x00000000d6600000, 0x0000000100000000)
  eden space 11776K, 0% used [0x00000000d5580000,0x00000000d5580000,0x00000000d6100000)
  from space 512K, 97% used [0x00000000d6500000,0x00000000d657d200,0x00000000d6580000)
  to   space 512K, 0% used [0x00000000d6580000,0x00000000d6580000,0x00000000d6600000)
 ParOldGen       total 823808K, used 353522K [0x0000000080000000, 0x00000000b2480000, 0x00000000d5580000)
  object space 823808K, 42% used [0x0000000080000000,0x000000009593cad8,0x00000000b2480000)
 Metaspace       used 86785K, committed 88576K, reserved 1179648K
  class space    used 8813K, committed 9600K, reserved 1048576K
}
Event: 4693.344 GC heap before
{Heap before GC invocations=1297 (full 5):
 PSYoungGen      total 12288K, used 12276K [0x00000000d5580000, 0x00000000d6600000, 0x0000000100000000)
  eden space 11776K, 100% used [0x00000000d5580000,0x00000000d6100000,0x00000000d6100000)
  from space 512K, 97% used [0x00000000d6500000,0x00000000d657d200,0x00000000d6580000)
  to   space 512K, 0% used [0x00000000d6580000,0x00000000d6580000,0x00000000d6600000)
 ParOldGen       total 823808K, used 353522K [0x0000000080000000, 0x00000000b2480000, 0x00000000d5580000)
  object space 823808K, 42% used [0x0000000080000000,0x000000009593cad8,0x00000000b2480000)
 Metaspace       used 86786K, committed 88576K, reserved 1179648K
  class space    used 8813K, committed 9600K, reserved 1048576K
}
Event: 4693.347 GC heap after
{Heap after GC invocations=1297 (full 5):
 PSYoungGen      total 12288K, used 500K [0x00000000d5580000, 0x00000000d6600000, 0x0000000100000000)
  eden space 11776K, 0% used [0x00000000d5580000,0x00000000d5580000,0x00000000d6100000)
  from space 512K, 97% used [0x00000000d6580000,0x00000000d65fd200,0x00000000d6600000)
  to   space 1536K, 0% used [0x00000000d6300000,0x00000000d6300000,0x00000000d6480000)
 ParOldGen       total 823808K, used 354059K [0x0000000080000000, 0x00000000b2480000, 0x00000000d5580000)
  object space 823808K, 42% used [0x0000000080000000,0x00000000959c2f58,0x00000000b2480000)
 Metaspace       used 86786K, committed 88576K, reserved 1179648K
  class space    used 8813K, committed 9600K, reserved 1048576K
}
Event: 4693.361 GC heap before
{Heap before GC invocations=1298 (full 5):
 PSYoungGen      total 12288K, used 12276K [0x00000000d5580000, 0x00000000d6600000, 0x0000000100000000)
  eden space 11776K, 100% used [0x00000000d5580000,0x00000000d6100000,0x00000000d6100000)
  from space 512K, 97% used [0x00000000d6580000,0x00000000d65fd200,0x00000000d6600000)
  to   space 1536K, 0% used [0x00000000d6300000,0x00000000d6300000,0x00000000d6480000)
 ParOldGen       total 823808K, used 354059K [0x0000000080000000, 0x00000000b2480000, 0x00000000d5580000)
  object space 823808K, 42% used [0x0000000080000000,0x00000000959c2f58,0x00000000b2480000)
 Metaspace       used 86786K, committed 88576K, reserved 1179648K
  class space    used 8813K, committed 9600K, reserved 1048576K
}
Event: 4693.367 GC heap after
{Heap after GC invocations=1298 (full 5):
 PSYoungGen      total 13312K, used 1516K [0x00000000d5580000, 0x00000000d6d00000, 0x0000000100000000)
  eden space 11776K, 0% used [0x00000000d5580000,0x00000000d5580000,0x00000000d6100000)
  from space 1536K, 98% used [0x00000000d6300000,0x00000000d647b090,0x00000000d6480000)
  to   space 6144K, 0% used [0x00000000d6700000,0x00000000d6700000,0x00000000d6d00000)
 ParOldGen       total 823808K, used 357748K [0x0000000080000000, 0x00000000b2480000, 0x00000000d5580000)
  object space 823808K, 43% used [0x0000000080000000,0x0000000095d5d2a8,0x00000000b2480000)
 Metaspace       used 86786K, committed 88576K, reserved 1179648K
  class space    used 8813K, committed 9600K, reserved 1048576K
}
Event: 4693.434 GC heap before
{Heap before GC invocations=1299 (full 5):
 PSYoungGen      total 13312K, used 13292K [0x00000000d5580000, 0x00000000d6d00000, 0x0000000100000000)
  eden space 11776K, 100% used [0x00000000d5580000,0x00000000d6100000,0x00000000d6100000)
  from space 1536K, 98% used [0x00000000d6300000,0x00000000d647b090,0x00000000d6480000)
  to   space 6144K, 0% used [0x00000000d6700000,0x00000000d6700000,0x00000000d6d00000)
 ParOldGen       total 823808K, used 357748K [0x0000000080000000, 0x00000000b2480000, 0x00000000d5580000)
  object space 823808K, 43% used [0x0000000080000000,0x0000000095d5d2a8,0x00000000b2480000)
 Metaspace       used 86793K, committed 88576K, reserved 1179648K
  class space    used 8813K, committed 9600K, reserved 1048576K
}
Event: 4693.437 GC heap after
{Heap after GC invocations=1299 (full 5):
 PSYoungGen      total 13312K, used 1110K [0x00000000d5580000, 0x00000000d6880000, 0x0000000100000000)
  eden space 11776K, 0% used [0x00000000d5580000,0x00000000d5580000,0x00000000d6100000)
  from space 1536K, 72% used [0x00000000d6700000,0x00000000d6815a20,0x00000000d6880000)
  to   space 3072K, 0% used [0x00000000d6280000,0x00000000d6280000,0x00000000d6580000)
 ParOldGen       total 823808K, used 357955K [0x0000000080000000, 0x00000000b2480000, 0x00000000d5580000)
  object space 823808K, 43% used [0x0000000080000000,0x0000000095d90ce8,0x00000000b2480000)
 Metaspace       used 86793K, committed 88576K, reserved 1179648K
  class space    used 8813K, committed 9600K, reserved 1048576K
}
Event: 4694.204 GC heap before
{Heap before GC invocations=1300 (full 5):
 PSYoungGen      total 13312K, used 12886K [0x00000000d5580000, 0x00000000d6880000, 0x0000000100000000)
  eden space 11776K, 100% used [0x00000000d5580000,0x00000000d6100000,0x00000000d6100000)
  from space 1536K, 72% used [0x00000000d6700000,0x00000000d6815a20,0x00000000d6880000)
  to   space 3072K, 0% used [0x00000000d6280000,0x00000000d6280000,0x00000000d6580000)
 ParOldGen       total 823808K, used 357955K [0x0000000080000000, 0x00000000b2480000, 0x00000000d5580000)
  object space 823808K, 43% used [0x0000000080000000,0x0000000095d90ce8,0x00000000b2480000)
 Metaspace       used 86801K, committed 88576K, reserved 1179648K
  class space    used 8813K, committed 9600K, reserved 1048576K
}
Event: 4694.207 GC heap after
{Heap after GC invocations=1300 (full 5):
 PSYoungGen      total 14848K, used 192K [0x00000000d5580000, 0x00000000d6780000, 0x0000000100000000)
  eden space 11776K, 0% used [0x00000000d5580000,0x00000000d5580000,0x00000000d6100000)
  from space 3072K, 6% used [0x00000000d6280000,0x00000000d62b0000,0x00000000d6580000)
  to   space 1024K, 0% used [0x00000000d6680000,0x00000000d6680000,0x00000000d6780000)
 ParOldGen       total 823808K, used 358916K [0x0000000080000000, 0x00000000b2480000, 0x00000000d5580000)
  object space 823808K, 43% used [0x0000000080000000,0x0000000095e81118,0x00000000b2480000)
 Metaspace       used 86801K, committed 88576K, reserved 1179648K
  class space    used 8813K, committed 9600K, reserved 1048576K
}
Event: 29601.407 GC heap before
{Heap before GC invocations=1301 (full 5):
 PSYoungGen      total 14848K, used 11968K [0x00000000d5580000, 0x00000000d6780000, 0x0000000100000000)
  eden space 11776K, 100% used [0x00000000d5580000,0x00000000d6100000,0x00000000d6100000)
  from space 3072K, 6% used [0x00000000d6280000,0x00000000d62b0000,0x00000000d6580000)
  to   space 1024K, 0% used [0x00000000d6680000,0x00000000d6680000,0x00000000d6780000)
 ParOldGen       total 823808K, used 358916K [0x0000000080000000, 0x00000000b2480000, 0x00000000d5580000)
  object space 823808K, 43% used [0x0000000080000000,0x0000000095e81118,0x00000000b2480000)
 Metaspace       used 86830K, committed 88576K, reserved 1179648K
  class space    used 8813K, committed 9600K, reserved 1048576K
}
Event: 29601.755 GC heap after
{Heap after GC invocations=1301 (full 5):
 PSYoungGen      total 12288K, used 224K [0x00000000d5580000, 0x00000000d6700000, 0x0000000100000000)
  eden space 11776K, 0% used [0x00000000d5580000,0x00000000d5580000,0x00000000d6100000)
  from space 512K, 43% used [0x00000000d6680000,0x00000000d66b8000,0x00000000d6700000)
  to   space 512K, 0% used [0x00000000d6600000,0x00000000d6600000,0x00000000d6680000)
 ParOldGen       total 823808K, used 358982K [0x0000000080000000, 0x00000000b2480000, 0x00000000d5580000)
  object space 823808K, 43% used [0x0000000080000000,0x0000000095e918c0,0x00000000b2480000)
 Metaspace       used 86830K, committed 88576K, reserved 1179648K
  class space    used 8813K, committed 9600K, reserved 1048576K
}

