# JRE version: OpenJDK Runtime Environment Temurin-21.0.10+7 (21.0.10+7) (build 21.0.10+7-LTS)
# Java VM: OpenJDK 64-Bit Server VM Temurin-21.0.10+7 (21.0.10+7-LTS, mixed mode, sharing, tiered, compressed oops, compressed class ptrs, parallel gc, windows-amd64)
GC Precious Log:
 CardTable entry size: 512
 CPUs: 12 total, 12 available
 Memory: 7821M
 Large Page Support: Disabled
 NUMA Support: Disabled
 Compressed Oops: Enabled (32-bit)
 Alignments: Space 512K, Generation 512K, Heap 2M
 Heap Min Capacity: 100M
 Heap Initial Capacity: 100M
 Heap Max Capacity: 2G
 Pre-touch: Disabled
 Parallel Workers: 10
Heap:
 PSYoungGen      total 20480K, used 16547K [0x00000000d5580000, 0x00000000d6c80000, 0x0000000100000000)
  eden space 19456K, 79% used [0x00000000d5580000,0x00000000d64b0960,0x00000000d6880000)
  from space 1024K, 96% used [0x00000000d6a00000,0x00000000d6af8458,0x00000000d6b00000)
  to   space 1536K, 0% used [0x00000000d6b00000,0x00000000d6b00000,0x00000000d6c80000)
 ParOldGen       total 68608K, used 42797K [0x0000000080000000, 0x0000000084300000, 0x00000000d5580000)
  object space 68608K, 62% used [0x0000000080000000,0x00000000829cb528,0x0000000084300000)
 Metaspace       used 58738K, committed 60032K, reserved 1114112K
  class space    used 6365K, committed 6976K, reserved 1048576K
GC Heap History (20 events):
Event: 66.225 GC heap before
{Heap before GC invocations=25 (full 2):
 PSYoungGen      total 23040K, used 23040K [0x00000000d5580000, 0x00000000d7300000, 0x0000000100000000)
  eden space 21504K, 100% used [0x00000000d5580000,0x00000000d6a80000,0x00000000d6a80000)
  from space 1536K, 100% used [0x00000000d6e80000,0x00000000d7000000,0x00000000d7000000)
  to   space 4096K, 0% used [0x00000000d6a80000,0x00000000d6a80000,0x00000000d6e80000)
 ParOldGen       total 68608K, used 32935K [0x0000000080000000, 0x0000000084300000, 0x00000000d5580000)
  object space 68608K, 48% used [0x0000000080000000,0x0000000082029c18,0x0000000084300000)
 Metaspace       used 49076K, committed 50432K, reserved 1114112K
  class space    used 5299K, committed 5888K, reserved 1048576K
}
Event: 66.236 GC heap after
{Heap after GC invocations=25 (full 2):
 PSYoungGen      total 23552K, used 1856K [0x00000000d5580000, 0x00000000d6f80000, 0x0000000100000000)
  eden space 21504K, 0% used [0x00000000d5580000,0x00000000d5580000,0x00000000d6a80000)
  from space 2048K, 90% used [0x00000000d6a80000,0x00000000d6c50000,0x00000000d6c80000)
  to   space 2560K, 0% used [0x00000000d6d00000,0x00000000d6d00000,0x00000000d6f80000)
 ParOldGen       total 68608K, used 34440K [0x0000000080000000, 0x0000000084300000, 0x00000000d5580000)
  object space 68608K, 50% used [0x0000000080000000,0x00000000821a2240,0x0000000084300000)
 Metaspace       used 49076K, committed 50432K, reserved 1114112K
  class space    used 5299K, committed 5888K, reserved 1048576K
}
Event: 67.507 GC heap before
{Heap before GC invocations=26 (full 2):
 PSYoungGen      total 23552K, used 23360K [0x00000000d5580000, 0x00000000d6f80000, 0x0000000100000000)
  eden space 21504K, 100% used [0x00000000d5580000,0x00000000d6a80000,0x00000000d6a80000)
  from space 2048K, 90% used [0x00000000d6a80000,0x00000000d6c50000,0x00000000d6c80000)
  to   space 2560K, 0% used [0x00000000d6d00000,0x00000000d6d00000,0x00000000d6f80000)
 ParOldGen       total 68608K, used 34440K [0x0000000080000000, 0x0000000084300000, 0x00000000d5580000)
  object space 68608K, 50% used [0x0000000080000000,0x00000000821a2240,0x0000000084300000)
 Metaspace       used 49807K, committed 51136K, reserved 1114112K
  class space    used 5371K, committed 5952K, reserved 1048576K
}
Event: 67.521 GC heap after
{Heap after GC invocations=26 (full 2):
 PSYoungGen      total 24064K, used 2336K [0x00000000d5580000, 0x00000000d6f80000, 0x0000000100000000)
  eden space 21504K, 0% used [0x00000000d5580000,0x00000000d5580000,0x00000000d6a80000)
  from space 2560K, 91% used [0x00000000d6d00000,0x00000000d6f48010,0x00000000d6f80000)
  to   space 2560K, 0% used [0x00000000d6a80000,0x00000000d6a80000,0x00000000d6d00000)
 ParOldGen       total 68608K, used 36136K [0x0000000080000000, 0x0000000084300000, 0x00000000d5580000)
  object space 68608K, 52% used [0x0000000080000000,0x000000008234a240,0x0000000084300000)
 Metaspace       used 49807K, committed 51136K, reserved 1114112K
  class space    used 5371K, committed 5952K, reserved 1048576K
}
Event: 68.071 GC heap before
{Heap before GC invocations=27 (full 2):
 PSYoungGen      total 24064K, used 23840K [0x00000000d5580000, 0x00000000d6f80000, 0x0000000100000000)
  eden space 21504K, 100% used [0x00000000d5580000,0x00000000d6a80000,0x00000000d6a80000)
  from space 2560K, 91% used [0x00000000d6d00000,0x00000000d6f48010,0x00000000d6f80000)
  to   space 2560K, 0% used [0x00000000d6a80000,0x00000000d6a80000,0x00000000d6d00000)
 ParOldGen       total 68608K, used 36136K [0x0000000080000000, 0x0000000084300000, 0x00000000d5580000)
  object space 68608K, 52% used [0x0000000080000000,0x000000008234a240,0x0000000084300000)
 Metaspace       used 50084K, committed 51456K, reserved 1114112K
  class space    used 5405K, committed 6016K, reserved 1048576K
}
Event: 68.084 GC heap after
{Heap after GC invocations=27 (full 2):
 PSYoungGen      total 23552K, used 1664K [0x00000000d5580000, 0x00000000d6e80000, 0x0000000100000000)
  eden space 21504K, 0% used [0x00000000d5580000,0x00000000d5580000,0x00000000d6a80000)
  from space 2048K, 81% used [0x00000000d6a80000,0x00000000d6c20000,0x00000000d6c80000)
  to   space 2048K, 0% used [0x00000000d6c80000,0x00000000d6c80000,0x00000000d6e80000)
 ParOldGen       total 68608K, used 38352K [0x0000000080000000, 0x0000000084300000, 0x00000000d5580000)
  object space 68608K, 55% used [0x0000000080000000,0x0000000082574270,0x0000000084300000)
 Metaspace       used 50084K, committed 51456K, reserved 1114112K
  class space    used 5405K, committed 6016K, reserved 1048576K
}
Event: 69.243 GC heap before
{Heap before GC invocations=28 (full 2):
 PSYoungGen      total 23552K, used 22756K [0x00000000d5580000, 0x00000000d6e80000, 0x0000000100000000)
  eden space 21504K, 98% used [0x00000000d5580000,0x00000000d6a19130,0x00000000d6a80000)
  from space 2048K, 81% used [0x00000000d6a80000,0x00000000d6c20000,0x00000000d6c80000)
  to   space 2048K, 0% used [0x00000000d6c80000,0x00000000d6c80000,0x00000000d6e80000)
 ParOldGen       total 68608K, used 38352K [0x0000000080000000, 0x0000000084300000, 0x00000000d5580000)
  object space 68608K, 55% used [0x0000000080000000,0x0000000082574270,0x0000000084300000)
 Metaspace       used 52002K, committed 53248K, reserved 1114112K
  class space    used 5652K, committed 6208K, reserved 1048576K
}
Event: 69.256 GC heap after
{Heap after GC invocations=28 (full 2):
 PSYoungGen      total 21504K, used 2040K [0x00000000d5580000, 0x00000000d7280000, 0x0000000100000000)
  eden space 19456K, 0% used [0x00000000d5580000,0x00000000d5580000,0x00000000d6880000)
  from space 2048K, 99% used [0x00000000d6c80000,0x00000000d6e7e238,0x00000000d6e80000)
  to   space 4096K, 0% used [0x00000000d6880000,0x00000000d6880000,0x00000000d6c80000)
 ParOldGen       total 68608K, used 39953K [0x0000000080000000, 0x0000000084300000, 0x00000000d5580000)
  object space 68608K, 58% used [0x0000000080000000,0x0000000082704490,0x0000000084300000)
 Metaspace       used 52002K, committed 53248K, reserved 1114112K
  class space    used 5652K, committed 6208K, reserved 1048576K
}
Event: 71.013 GC heap before
{Heap before GC invocations=29 (full 2):
 PSYoungGen      total 21504K, used 21496K [0x00000000d5580000, 0x00000000d7280000, 0x0000000100000000)
  eden space 19456K, 100% used [0x00000000d5580000,0x00000000d6880000,0x00000000d6880000)
  from space 2048K, 99% used [0x00000000d6c80000,0x00000000d6e7e238,0x00000000d6e80000)
  to   space 4096K, 0% used [0x00000000d6880000,0x00000000d6880000,0x00000000d6c80000)
 ParOldGen       total 68608K, used 39953K [0x0000000080000000, 0x0000000084300000, 0x00000000d5580000)
  object space 68608K, 58% used [0x0000000080000000,0x0000000082704490,0x0000000084300000)
 Metaspace       used 53898K, committed 55232K, reserved 1114112K
  class space    used 5856K, committed 6464K, reserved 1048576K
}
Event: 71.024 GC heap after
{Heap after GC invocations=29 (full 2):
 PSYoungGen      total 22016K, used 2400K [0x00000000d5580000, 0x00000000d6e80000, 0x0000000100000000)
  eden space 19456K, 0% used [0x00000000d5580000,0x00000000d5580000,0x00000000d6880000)
  from space 2560K, 93% used [0x00000000d6880000,0x00000000d6ad8000,0x00000000d6b00000)
  to   space 3072K, 0% used [0x00000000d6b80000,0x00000000d6b80000,0x00000000d6e80000)
 ParOldGen       total 68608K, used 41601K [0x0000000080000000, 0x0000000084300000, 0x00000000d5580000)
  object space 68608K, 60% used [0x0000000080000000,0x00000000828a0518,0x0000000084300000)
 Metaspace       used 53898K, committed 55232K, reserved 1114112K
  class space    used 5856K, committed 6464K, reserved 1048576K
}
Event: 72.869 GC heap before
{Heap before GC invocations=30 (full 2):
 PSYoungGen      total 22016K, used 21856K [0x00000000d5580000, 0x00000000d6e80000, 0x0000000100000000)
  eden space 19456K, 100% used [0x00000000d5580000,0x00000000d6880000,0x00000000d6880000)
  from space 2560K, 93% used [0x00000000d6880000,0x00000000d6ad8000,0x00000000d6b00000)
  to   space 3072K, 0% used [0x00000000d6b80000,0x00000000d6b80000,0x00000000d6e80000)
 ParOldGen       total 68608K, used 41601K [0x0000000080000000, 0x0000000084300000, 0x00000000d5580000)
  object space 68608K, 60% used [0x0000000080000000,0x00000000828a0518,0x0000000084300000)
 Metaspace       used 56316K, committed 57600K, reserved 1114112K
  class space    used 6152K, committed 6720K, reserved 1048576K
}
Event: 72.882 GC heap after
{Heap after GC invocations=30 (full 2):
 PSYoungGen      total 20992K, used 1131K [0x00000000d5580000, 0x00000000d6d00000, 0x0000000100000000)
  eden space 19456K, 0% used [0x00000000d5580000,0x00000000d5580000,0x00000000d6880000)
  from space 1536K, 73% used [0x00000000d6b80000,0x00000000d6c9ac10,0x00000000d6d00000)
  to   space 2048K, 0% used [0x00000000d6900000,0x00000000d6900000,0x00000000d6b00000)
 ParOldGen       total 68608K, used 43734K [0x0000000080000000, 0x0000000084300000, 0x00000000d5580000)
  object space 68608K, 63% used [0x0000000080000000,0x0000000082ab5898,0x0000000084300000)
 Metaspace       used 56316K, committed 57600K, reserved 1114112K
  class space    used 6152K, committed 6720K, reserved 1048576K
}
Event: 75.562 GC heap before
{Heap before GC invocations=31 (full 2):
 PSYoungGen      total 20992K, used 20587K [0x00000000d5580000, 0x00000000d6d00000, 0x0000000100000000)
  eden space 19456K, 100% used [0x00000000d5580000,0x00000000d6880000,0x00000000d6880000)
  from space 1536K, 73% used [0x00000000d6b80000,0x00000000d6c9ac10,0x00000000d6d00000)
  to   space 2048K, 0% used [0x00000000d6900000,0x00000000d6900000,0x00000000d6b00000)
 ParOldGen       total 68608K, used 43734K [0x0000000080000000, 0x0000000084300000, 0x00000000d5580000)
  object space 68608K, 63% used [0x0000000080000000,0x0000000082ab5898,0x0000000084300000)
 Metaspace       used 57718K, committed 59008K, reserved 1114112K
  class space    used 6271K, committed 6848K, reserved 1048576K
}
Event: 75.571 GC heap after
{Heap after GC invocations=31 (full 2):
 PSYoungGen      total 21504K, used 640K [0x00000000d5580000, 0x00000000d6c00000, 0x0000000100000000)
  eden space 19456K, 0% used [0x00000000d5580000,0x00000000d5580000,0x00000000d6880000)
  from space 2048K, 31% used [0x00000000d6900000,0x00000000d69a0030,0x00000000d6b00000)
  to   space 1024K, 0% used [0x00000000d6b00000,0x00000000d6b00000,0x00000000d6c00000)
 ParOldGen       total 68608K, used 44802K [0x0000000080000000, 0x0000000084300000, 0x00000000d5580000)
  object space 68608K, 65% used [0x0000000080000000,0x0000000082bc08a8,0x0000000084300000)
 Metaspace       used 57718K, committed 59008K, reserved 1114112K
  class space    used 6271K, committed 6848K, reserved 1048576K
}
Event: 76.858 GC heap before
{Heap before GC invocations=32 (full 2):
 PSYoungGen      total 21504K, used 13579K [0x00000000d5580000, 0x00000000d6c00000, 0x0000000100000000)
  eden space 19456K, 66% used [0x00000000d5580000,0x00000000d6222f68,0x00000000d6880000)
  from space 2048K, 31% used [0x00000000d6900000,0x00000000d69a0030,0x00000000d6b00000)
  to   space 1024K, 0% used [0x00000000d6b00000,0x00000000d6b00000,0x00000000d6c00000)
 ParOldGen       total 68608K, used 44802K [0x0000000080000000, 0x0000000084300000, 0x00000000d5580000)
  object space 68608K, 65% used [0x0000000080000000,0x0000000082bc08a8,0x0000000084300000)
 Metaspace       used 58526K, committed 59776K, reserved 1114112K
  class space    used 6354K, committed 6912K, reserved 1048576K
}
Event: 76.862 GC heap after
{Heap after GC invocations=32 (full 2):
 PSYoungGen      total 20480K, used 570K [0x00000000d5580000, 0x00000000d6c00000, 0x0000000100000000)
  eden space 19456K, 0% used [0x00000000d5580000,0x00000000d5580000,0x00000000d6880000)
  from space 1024K, 55% used [0x00000000d6b00000,0x00000000d6b8e878,0x00000000d6c00000)
  to   space 1024K, 0% used [0x00000000d6a00000,0x00000000d6a00000,0x00000000d6b00000)
 ParOldGen       total 68608K, used 45178K [0x0000000080000000, 0x0000000084300000, 0x00000000d5580000)
  object space 68608K, 65% used [0x0000000080000000,0x0000000082c1e8c8,0x0000000084300000)
 Metaspace       used 58526K, committed 59776K, reserved 1114112K
  class space    used 6354K, committed 6912K, reserved 1048576K
}
Event: 76.862 GC heap before
{Heap before GC invocations=33 (full 3):
 PSYoungGen      total 20480K, used 570K [0x00000000d5580000, 0x00000000d6c00000, 0x0000000100000000)
  eden space 19456K, 0% used [0x00000000d5580000,0x00000000d5580000,0x00000000d6880000)
  from space 1024K, 55% used [0x00000000d6b00000,0x00000000d6b8e878,0x00000000d6c00000)
  to   space 1024K, 0% used [0x00000000d6a00000,0x00000000d6a00000,0x00000000d6b00000)
 ParOldGen       total 68608K, used 45178K [0x0000000080000000, 0x0000000084300000, 0x00000000d5580000)
  object space 68608K, 65% used [0x0000000080000000,0x0000000082c1e8c8,0x0000000084300000)
 Metaspace       used 58526K, committed 59776K, reserved 1114112K
  class space    used 6354K, committed 6912K, reserved 1048576K
}
Event: 77.169 GC heap after
{Heap after GC invocations=33 (full 3):
 PSYoungGen      total 20480K, used 0K [0x00000000d5580000, 0x00000000d6c00000, 0x0000000100000000)
  eden space 19456K, 0% used [0x00000000d5580000,0x00000000d5580000,0x00000000d6880000)
  from space 1024K, 0% used [0x00000000d6b00000,0x00000000d6b00000,0x00000000d6c00000)
  to   space 1024K, 0% used [0x00000000d6a00000,0x00000000d6a00000,0x00000000d6b00000)
 ParOldGen       total 68608K, used 42203K [0x0000000080000000, 0x0000000084300000, 0x00000000d5580000)
  object space 68608K, 61% used [0x0000000080000000,0x0000000082936e40,0x0000000084300000)
 Metaspace       used 58525K, committed 59776K, reserved 1114112K
  class space    used 6353K, committed 6912K, reserved 1048576K
}
Event: 78.190 GC heap before
{Heap before GC invocations=34 (full 3):
 PSYoungGen      total 20480K, used 19456K [0x00000000d5580000, 0x00000000d6c00000, 0x0000000100000000)
  eden space 19456K, 100% used [0x00000000d5580000,0x00000000d6880000,0x00000000d6880000)
  from space 1024K, 0% used [0x00000000d6b00000,0x00000000d6b00000,0x00000000d6c00000)
  to   space 1024K, 0% used [0x00000000d6a00000,0x00000000d6a00000,0x00000000d6b00000)
 ParOldGen       total 68608K, used 42203K [0x0000000080000000, 0x0000000084300000, 0x00000000d5580000)
  object space 68608K, 61% used [0x0000000080000000,0x0000000082936e40,0x0000000084300000)
 Metaspace       used 58712K, committed 59968K, reserved 1114112K
  class space    used 6364K, committed 6976K, reserved 1048576K
}
Event: 78.193 GC heap after
{Heap after GC invocations=34 (full 3):
 PSYoungGen      total 20480K, used 993K [0x00000000d5580000, 0x00000000d6c80000, 0x0000000100000000)
  eden space 19456K, 0% used [0x00000000d5580000,0x00000000d5580000,0x00000000d6880000)
  from space 1024K, 96% used [0x00000000d6a00000,0x00000000d6af8458,0x00000000d6b00000)
  to   space 1536K, 0% used [0x00000000d6b00000,0x00000000d6b00000,0x00000000d6c80000)
 ParOldGen       total 68608K, used 42797K [0x0000000080000000, 0x0000000084300000, 0x00000000d5580000)
  object space 68608K, 62% used [0x0000000080000000,0x00000000829cb528,0x0000000084300000)
 Metaspace       used 58712K, committed 59968K, reserved 1114112K
  class space    used 6364K, committed 6976K, reserved 1048576K
}

