# JRE version: OpenJDK Runtime Environment Temurin-21.0.10+7 (21.0.10+7) (build 21.0.10+7-LTS)
# Java VM: OpenJDK 64-Bit Server VM Temurin-21.0.10+7 (21.0.10+7-LTS, mixed mode, sharing, tiered, compressed oops, compressed class ptrs, g1 gc, windows-amd64)
GC Precious Log:
 CardTable entry size: 512
 Card Set container configuration: InlinePtr #cards 5 size 8 Array Of Cards #cards 12 size 40 Howl #buckets 4 coarsen threshold 1843 Howl Bitmap #cards 512 size 80 coarsen threshold 460 Card regions per heap region 1 cards per card region 2048
 CPUs: 12 total, 12 available
 Memory: 7821M
 Large Page Support: Disabled
 NUMA Support: Disabled
 Compressed Oops: Enabled (32-bit)
 Heap Region Size: 1M
 Heap Min Capacity: 8M
 Heap Initial Capacity: 124M
 Heap Max Capacity: 1956M
 Pre-touch: Disabled
 Parallel Workers: 10
 Concurrent Workers: 3
 Concurrent Refinement Workers: 10
 Periodic GC: Disabled
Heap:
 garbage-first heap   total 99328K, used 45350K [0x0000000085c00000, 0x0000000100000000)
  region size 1024K, 5 young (5120K), 1 survivors (1024K)
 Metaspace       used 98686K, committed 99392K, reserved 1179648K
  class space    used 12757K, committed 13056K, reserved 1048576K
GC Heap History (20 events):
Event: 36864.019 GC heap before
{Heap before GC invocations=34 (full 0):
 garbage-first heap   total 99328K, used 92093K [0x0000000085c00000, 0x0000000100000000)
  region size 1024K, 49 young (50176K), 2 survivors (2048K)
 Metaspace       used 98600K, committed 99264K, reserved 1179648K
  class space    used 12752K, committed 13056K, reserved 1048576K
}
Event: 36864.072 GC heap after
{Heap after GC invocations=35 (full 0):
 garbage-first heap   total 99328K, used 43640K [0x0000000085c00000, 0x0000000100000000)
  region size 1024K, 2 young (2048K), 2 survivors (2048K)
 Metaspace       used 98600K, committed 99264K, reserved 1179648K
  class space    used 12752K, committed 13056K, reserved 1048576K
}
Event: 37555.547 GC heap before
{Heap before GC invocations=35 (full 0):
 garbage-first heap   total 99328K, used 91768K [0x0000000085c00000, 0x0000000100000000)
  region size 1024K, 49 young (50176K), 2 survivors (2048K)
 Metaspace       used 98618K, committed 99328K, reserved 1179648K
  class space    used 12752K, committed 13056K, reserved 1048576K
}
Event: 37555.597 GC heap after
{Heap after GC invocations=36 (full 0):
 garbage-first heap   total 99328K, used 43000K [0x0000000085c00000, 0x0000000100000000)
  region size 1024K, 2 young (2048K), 2 survivors (2048K)
 Metaspace       used 98618K, committed 99328K, reserved 1179648K
  class space    used 12752K, committed 13056K, reserved 1048576K
}
Event: 38291.740 GC heap before
{Heap before GC invocations=36 (full 0):
 garbage-first heap   total 99328K, used 92152K [0x0000000085c00000, 0x0000000100000000)
  region size 1024K, 50 young (51200K), 2 survivors (2048K)
 Metaspace       used 98618K, committed 99328K, reserved 1179648K
  class space    used 12752K, committed 13056K, reserved 1048576K
}
Event: 38291.828 GC heap after
{Heap after GC invocations=37 (full 0):
 garbage-first heap   total 99328K, used 42792K [0x0000000085c00000, 0x0000000100000000)
  region size 1024K, 2 young (2048K), 2 survivors (2048K)
 Metaspace       used 98618K, committed 99328K, reserved 1179648K
  class space    used 12752K, committed 13056K, reserved 1048576K
}
Event: 39027.729 GC heap before
{Heap before GC invocations=38 (full 0):
 garbage-first heap   total 99328K, used 91944K [0x0000000085c00000, 0x0000000100000000)
  region size 1024K, 50 young (51200K), 2 survivors (2048K)
 Metaspace       used 98618K, committed 99328K, reserved 1179648K
  class space    used 12752K, committed 13056K, reserved 1048576K
}
Event: 39027.762 GC heap after
{Heap after GC invocations=39 (full 0):
 garbage-first heap   total 99328K, used 42821K [0x0000000085c00000, 0x0000000100000000)
  region size 1024K, 2 young (2048K), 2 survivors (2048K)
 Metaspace       used 98618K, committed 99328K, reserved 1179648K
  class space    used 12752K, committed 13056K, reserved 1048576K
}
Event: 39730.760 GC heap before
{Heap before GC invocations=39 (full 0):
 garbage-first heap   total 99328K, used 91973K [0x0000000085c00000, 0x0000000100000000)
  region size 1024K, 50 young (51200K), 2 survivors (2048K)
 Metaspace       used 98638K, committed 99328K, reserved 1179648K
  class space    used 12752K, committed 13056K, reserved 1048576K
}
Event: 39730.837 GC heap after
{Heap after GC invocations=40 (full 0):
 garbage-first heap   total 99328K, used 42374K [0x0000000085c00000, 0x0000000100000000)
  region size 1024K, 2 young (2048K), 2 survivors (2048K)
 Metaspace       used 98638K, committed 99328K, reserved 1179648K
  class space    used 12752K, committed 13056K, reserved 1048576K
}
Event: 40477.188 GC heap before
{Heap before GC invocations=40 (full 0):
 garbage-first heap   total 99328K, used 92550K [0x0000000085c00000, 0x0000000100000000)
  region size 1024K, 51 young (52224K), 2 survivors (2048K)
 Metaspace       used 98638K, committed 99328K, reserved 1179648K
  class space    used 12752K, committed 13056K, reserved 1048576K
}
Event: 40477.310 GC heap after
{Heap after GC invocations=41 (full 0):
 garbage-first heap   total 99328K, used 42239K [0x0000000085c00000, 0x0000000100000000)
  region size 1024K, 2 young (2048K), 2 survivors (2048K)
 Metaspace       used 98638K, committed 99328K, reserved 1179648K
  class space    used 12752K, committed 13056K, reserved 1048576K
}
Event: 41193.575 GC heap before
{Heap before GC invocations=42 (full 0):
 garbage-first heap   total 99328K, used 92415K [0x0000000085c00000, 0x0000000100000000)
  region size 1024K, 51 young (52224K), 2 survivors (2048K)
 Metaspace       used 98645K, committed 99328K, reserved 1179648K
  class space    used 12753K, committed 13056K, reserved 1048576K
}
Event: 41193.659 GC heap after
{Heap after GC invocations=43 (full 0):
 garbage-first heap   total 99328K, used 42417K [0x0000000085c00000, 0x0000000100000000)
  region size 1024K, 2 young (2048K), 2 survivors (2048K)
 Metaspace       used 98645K, committed 99328K, reserved 1179648K
  class space    used 12753K, committed 13056K, reserved 1048576K
}
Event: 41931.764 GC heap before
{Heap before GC invocations=43 (full 0):
 garbage-first heap   total 99328K, used 91569K [0x0000000085c00000, 0x0000000100000000)
  region size 1024K, 50 young (51200K), 2 survivors (2048K)
 Metaspace       used 98645K, committed 99328K, reserved 1179648K
  class space    used 12753K, committed 13056K, reserved 1048576K
}
Event: 41931.869 GC heap after
{Heap after GC invocations=44 (full 0):
 garbage-first heap   total 99328K, used 41940K [0x0000000085c00000, 0x0000000100000000)
  region size 1024K, 2 young (2048K), 2 survivors (2048K)
 Metaspace       used 98645K, committed 99328K, reserved 1179648K
  class space    used 12753K, committed 13056K, reserved 1048576K
}
Event: 42698.682 GC heap before
{Heap before GC invocations=44 (full 0):
 garbage-first heap   total 99328K, used 92116K [0x0000000085c00000, 0x0000000100000000)
  region size 1024K, 51 young (52224K), 2 survivors (2048K)
 Metaspace       used 98645K, committed 99328K, reserved 1179648K
  class space    used 12753K, committed 13056K, reserved 1048576K
}
Event: 42698.878 GC heap after
{Heap after GC invocations=45 (full 0):
 garbage-first heap   total 99328K, used 42050K [0x0000000085c00000, 0x0000000100000000)
  region size 1024K, 2 young (2048K), 2 survivors (2048K)
 Metaspace       used 98645K, committed 99328K, reserved 1179648K
  class space    used 12753K, committed 13056K, reserved 1048576K
}
Event: 43433.288 GC heap before
{Heap before GC invocations=46 (full 0):
 garbage-first heap   total 99328K, used 92226K [0x0000000085c00000, 0x0000000100000000)
  region size 1024K, 51 young (52224K), 2 survivors (2048K)
 Metaspace       used 98668K, committed 99328K, reserved 1179648K
  class space    used 12753K, committed 13056K, reserved 1048576K
}
Event: 43433.473 GC heap after
{Heap after GC invocations=47 (full 0):
 garbage-first heap   total 99328K, used 42278K [0x0000000085c00000, 0x0000000100000000)
  region size 1024K, 1 young (1024K), 1 survivors (1024K)
 Metaspace       used 98668K, committed 99328K, reserved 1179648K
  class space    used 12753K, committed 13056K, reserved 1048576K
}

